<?xml version="1.0" encoding="UTF-8"?>
<!-- Generated by org.testng.reporters.JUnitXMLReporter -->
<testsuite hostname="Dhadavai" ignored="0" name="Test" tests="1" failures="1" timestamp="26 Mar 2021 12:43:59 GMT" time="17.968" errors="0">
  <testcase name="addCutomer" time="9.21" classname="com.inetbanking.testcases.TC_AddCustomer_003">
    <failure type="java.lang.AssertionError" message="expected [true] but found [false]">
      <![CDATA[java.lang.AssertionError: expected [true] but found [false]
at com.inetbanking.testcases.TC_AddCustomer_003.addCutomer(TC_AddCustomer_003.java:50)
... Removed 29 stack frames]]>
    </failure>
  </testcase> <!-- addCutomer -->
</testsuite> <!-- Test -->
