<?xml version="1.0" encoding="UTF-8"?>
<testng-results skipped="0" failed="0" ignored="0" total="1" passed="1">
  <reporter-output>
  </reporter-output>
  <suite name="Suite" duration-ms="13951" started-at="2021-03-27T07:19:41Z" finished-at="2021-03-27T07:19:55Z">
    <groups>
    </groups>
    <test name="Test" duration-ms="13951" started-at="2021-03-27T07:19:41Z" finished-at="2021-03-27T07:19:55Z">
      <class name="com.inetbanking.testcases.TC_LoginTest_001">
        <test-method status="PASS" signature="setup(java.lang.String)[pri:0, instance:com.inetbanking.testcases.TC_LoginTest_001@3f2a3a5]" name="setup" is-config="true" duration-ms="9746" started-at="2021-03-27T07:19:42Z" finished-at="2021-03-27T07:19:51Z">
          <params>
            <param index="0">
              <value>
                <![CDATA[chrome]]>
              </value>
            </param>
          </params>
          <reporter-output>
          </reporter-output>
        </test-method> <!-- setup -->
        <test-method status="PASS" signature="loginTest()[pri:0, instance:com.inetbanking.testcases.TC_LoginTest_001@3f2a3a5]" name="loginTest" duration-ms="2920" started-at="2021-03-27T07:19:51Z" finished-at="2021-03-27T07:19:54Z">
          <reporter-output>
          </reporter-output>
        </test-method> <!-- loginTest -->
        <test-method status="PASS" signature="tearDown()[pri:0, instance:com.inetbanking.testcases.TC_LoginTest_001@3f2a3a5]" name="tearDown" is-config="true" duration-ms="679" started-at="2021-03-27T07:19:55Z" finished-at="2021-03-27T07:19:55Z">
          <reporter-output>
          </reporter-output>
        </test-method> <!-- tearDown -->
      </class> <!-- com.inetbanking.testcases.TC_LoginTest_001 -->
    </test> <!-- Test -->
  </suite> <!-- Suite -->
</testng-results>
